<?xml version="1.0" encoding="UTF-8"?>
<testng-results total="1" passed="1" failed="0" skipped="0">
  <reporter-output>
  </reporter-output>
  <suite started-at="2018-09-11T13:57:18Z" name="Testing_Ankita.DemoMavenProject1.Test_Maven" finished-at="2018-09-11T13:57:24Z" duration-ms="6275">
    <groups>
    </groups>
    <test started-at="2018-09-11T13:57:18Z" name="Command line test" finished-at="2018-09-11T13:57:24Z" duration-ms="6275">
      <class name="Testing_Ankita.DemoMavenProject1.Test_Maven">
        <test-method signature="openbrowser()[pri:0, instance:Testing_Ankita.DemoMavenProject1.Test_Maven@2cd76f31]" started-at="2018-09-11T19:27:18Z" name="openbrowser" finished-at="2018-09-11T19:27:24Z" duration-ms="6248" status="PASS">
          <reporter-output>
          </reporter-output>
        </test-method> <!-- openbrowser -->
      </class> <!-- Testing_Ankita.DemoMavenProject1.Test_Maven -->
    </test> <!-- Command line test -->
  </suite> <!-- Testing_Ankita.DemoMavenProject1.Test_Maven -->
</testng-results>
