<?xml version="1.0" encoding="UTF-8"?>
<testng-results total="1" passed="1" failed="0" skipped="0">
  <reporter-output>
  </reporter-output>
  <suite started-at="2018-09-02T07:57:19Z" name="Testing_Ankita.DemoMavenProject1.Test_Maven" finished-at="2018-09-02T07:57:22Z" duration-ms="3890">
    <groups>
    </groups>
    <test started-at="2018-09-02T07:57:19Z" name="Command line test" finished-at="2018-09-02T07:57:22Z" duration-ms="3890">
      <class name="Testing_Ankita.DemoMavenProject1.Test_Maven">
        <test-method signature="openbrowser()[pri:0, instance:Testing_Ankita.DemoMavenProject1.Test_Maven@3eb738bb]" started-at="2018-09-02T13:27:19Z" name="openbrowser" finished-at="2018-09-02T13:27:22Z" duration-ms="3881" status="PASS">
          <reporter-output>
          </reporter-output>
        </test-method> <!-- openbrowser -->
      </class> <!-- Testing_Ankita.DemoMavenProject1.Test_Maven -->
    </test> <!-- Command line test -->
  </suite> <!-- Testing_Ankita.DemoMavenProject1.Test_Maven -->
</testng-results>
